2018-12-03 11:53:04 8736 [Note] Plugin 'FEDERATED' is disabled.
2018-12-03 11:53:04 8736 [Note] InnoDB: The InnoDB memory heap is disabled
2018-12-03 11:53:04 8736 [Note] InnoDB: Mutexes and rw_locks use Windows interlocked functions
2018-12-03 11:53:04 8736 [Note] InnoDB: Compressed tables use zlib 1.2.3
2018-12-03 11:53:04 8736 [Note] InnoDB: Not using CPU crc32 instructions
2018-12-03 11:53:04 8736 [Note] InnoDB: Initializing buffer pool, size = 128.0M
2018-12-03 11:53:04 8736 [Note] InnoDB: Completed initialization of buffer pool
2018-12-03 11:53:04 8736 [Note] InnoDB: Setting log file C:\Users\cla15121475\Documents\neueda-springboot-2018\usbwebserver\mysql\data\ib_logfile101 size to 5 MB
2018-12-03 11:53:04 8736 [Note] InnoDB: Setting log file C:\Users\cla15121475\Documents\neueda-springboot-2018\usbwebserver\mysql\data\ib_logfile1 size to 5 MB
2018-12-03 11:53:04 8736 [Note] InnoDB: Renaming log file C:\Users\cla15121475\Documents\neueda-springboot-2018\usbwebserver\mysql\data\ib_logfile101 to C:\Users\cla15121475\Documents\neueda-springboot-2018\usbwebserver\mysql\data\ib_logfile0
2018-12-03 11:53:04 8736 [Warning] InnoDB: New log files created, LSN=1626134
2018-12-03 11:53:04 8736 [Note] InnoDB: Highest supported file format is Barracuda.
2018-12-03 11:53:04 8736 [Note] InnoDB: 128 rollback segment(s) are active.
2018-12-03 11:53:04 8736 [Note] InnoDB: Waiting for purge to start
2018-12-03 11:53:04 8736 [Note] InnoDB: 5.6.13 started; log sequence number 1626636
2018-12-03 11:53:04 8736 [Warning] No existing UUID has been found, so we assume that this is the first time that this server has been started. Generating a new UUID: fde55107-f6f1-11e8-a7d0-a08cfde645da.
2018-12-03 11:53:04 8736 [Note] Server hostname (bind-address): '*'; port: 3307
2018-12-03 11:53:04 8736 [Note] IPv6 is available.
2018-12-03 11:53:04 8736 [Note]   - '::' resolves to '::';
2018-12-03 11:53:04 8736 [Note] Server socket created on IP: '::'.
2018-12-03 12:13:51 6220 [Note] Plugin 'FEDERATED' is disabled.
2018-12-03 12:13:51 6220 [Note] InnoDB: The InnoDB memory heap is disabled
2018-12-03 12:13:51 6220 [Note] InnoDB: Mutexes and rw_locks use Windows interlocked functions
2018-12-03 12:13:51 6220 [Note] InnoDB: Compressed tables use zlib 1.2.3
2018-12-03 12:13:51 6220 [Note] InnoDB: Not using CPU crc32 instructions
2018-12-03 12:13:51 6220 [Note] InnoDB: Initializing buffer pool, size = 128.0M
2018-12-03 12:13:51 6220 [Note] InnoDB: Completed initialization of buffer pool
2018-12-03 12:13:51 6220 [Note] InnoDB: Highest supported file format is Barracuda.
2018-12-03 12:13:51 6220 [Note] InnoDB: The log sequence numbers 1626134 and 1626134 in ibdata files do not match the log sequence number 1626646 in the ib_logfiles!
2018-12-03 12:13:51 6220 [Note] InnoDB: Database was not shutdown normally!
2018-12-03 12:13:51 6220 [Note] InnoDB: Starting crash recovery.
2018-12-03 12:13:51 6220 [Note] InnoDB: Reading tablespace information from the .ibd files...
2018-12-03 12:13:51 6220 [Note] InnoDB: Restoring possible half-written data pages 
2018-12-03 12:13:51 6220 [Note] InnoDB: from the doublewrite buffer...
2018-12-03 12:13:52 6220 [Note] InnoDB: 128 rollback segment(s) are active.
2018-12-03 12:13:52 6220 [Note] InnoDB: Waiting for purge to start
2018-12-03 12:13:52 6220 [Note] InnoDB: 5.6.13 started; log sequence number 1626646
2018-12-03 12:13:52 6220 [Note] Server hostname (bind-address): '*'; port: 3306
2018-12-03 12:13:52 6220 [Note] IPv6 is available.
2018-12-03 12:13:52 6220 [Note]   - '::' resolves to '::';
2018-12-03 12:13:52 6220 [Note] Server socket created on IP: '::'.
2018-12-03 12:14:43 8336 [Note] Plugin 'FEDERATED' is disabled.
2018-12-03 12:14:43 8336 [Note] InnoDB: The InnoDB memory heap is disabled
2018-12-03 12:14:43 8336 [Note] InnoDB: Mutexes and rw_locks use Windows interlocked functions
2018-12-03 12:14:43 8336 [Note] InnoDB: Compressed tables use zlib 1.2.3
2018-12-03 12:14:43 8336 [Note] InnoDB: Not using CPU crc32 instructions
2018-12-03 12:14:43 8336 [Note] InnoDB: Initializing buffer pool, size = 128.0M
2018-12-03 12:14:43 8336 [Note] InnoDB: Completed initialization of buffer pool
2018-12-03 12:14:43 8336 [Note] InnoDB: Highest supported file format is Barracuda.
2018-12-03 12:14:43 8336 [Note] InnoDB: The log sequence numbers 1626134 and 1626134 in ibdata files do not match the log sequence number 1626656 in the ib_logfiles!
2018-12-03 12:14:43 8336 [Note] InnoDB: Database was not shutdown normally!
2018-12-03 12:14:43 8336 [Note] InnoDB: Starting crash recovery.
2018-12-03 12:14:43 8336 [Note] InnoDB: Reading tablespace information from the .ibd files...
2018-12-03 12:14:43 8336 [Note] InnoDB: Restoring possible half-written data pages 
2018-12-03 12:14:43 8336 [Note] InnoDB: from the doublewrite buffer...
2018-12-03 12:14:43 8336 [Note] InnoDB: 128 rollback segment(s) are active.
2018-12-03 12:14:43 8336 [Note] InnoDB: Waiting for purge to start
2018-12-03 12:14:43 8336 [Note] InnoDB: 5.6.13 started; log sequence number 1626656
2018-12-03 12:14:43 8336 [Note] Server hostname (bind-address): '*'; port: 3306
2018-12-03 12:14:43 8336 [Note] IPv6 is available.
2018-12-03 12:14:43 8336 [Note]   - '::' resolves to '::';
2018-12-03 12:14:43 8336 [Note] Server socket created on IP: '::'.
2018-12-03 12:15:14 8968 [Note] Plugin 'FEDERATED' is disabled.
2018-12-03 12:15:14 8968 [Note] InnoDB: The InnoDB memory heap is disabled
2018-12-03 12:15:14 8968 [Note] InnoDB: Mutexes and rw_locks use Windows interlocked functions
2018-12-03 12:15:14 8968 [Note] InnoDB: Compressed tables use zlib 1.2.3
2018-12-03 12:15:14 8968 [Note] InnoDB: Not using CPU crc32 instructions
2018-12-03 12:15:14 8968 [Note] InnoDB: Initializing buffer pool, size = 128.0M
2018-12-03 12:15:14 8968 [Note] InnoDB: Completed initialization of buffer pool
2018-12-03 12:15:14 8968 [Note] InnoDB: Highest supported file format is Barracuda.
2018-12-03 12:15:14 8968 [Note] InnoDB: The log sequence numbers 1626134 and 1626134 in ibdata files do not match the log sequence number 1626666 in the ib_logfiles!
2018-12-03 12:15:14 8968 [Note] InnoDB: Database was not shutdown normally!
2018-12-03 12:15:14 8968 [Note] InnoDB: Starting crash recovery.
2018-12-03 12:15:14 8968 [Note] InnoDB: Reading tablespace information from the .ibd files...
2018-12-03 12:15:14 8968 [Note] InnoDB: Restoring possible half-written data pages 
2018-12-03 12:15:14 8968 [Note] InnoDB: from the doublewrite buffer...
2018-12-03 12:15:14 8968 [Note] InnoDB: 128 rollback segment(s) are active.
2018-12-03 12:15:14 8968 [Note] InnoDB: Waiting for purge to start
2018-12-03 12:15:14 8968 [Note] InnoDB: 5.6.13 started; log sequence number 1626666
2018-12-03 12:15:14 8968 [Note] Server hostname (bind-address): '*'; port: 3306
2018-12-03 12:15:14 8968 [Note] IPv6 is available.
2018-12-03 12:15:14 8968 [Note]   - '::' resolves to '::';
2018-12-03 12:15:14 8968 [Note] Server socket created on IP: '::'.
2018-12-04 09:24:59 12704 [Note] Plugin 'FEDERATED' is disabled.
2018-12-04 09:24:59 12704 [Note] InnoDB: The InnoDB memory heap is disabled
2018-12-04 09:24:59 12704 [Note] InnoDB: Mutexes and rw_locks use Windows interlocked functions
2018-12-04 09:24:59 12704 [Note] InnoDB: Compressed tables use zlib 1.2.3
2018-12-04 09:24:59 12704 [Note] InnoDB: Not using CPU crc32 instructions
2018-12-04 09:24:59 12704 [Note] InnoDB: Initializing buffer pool, size = 128.0M
2018-12-04 09:24:59 12704 [Note] InnoDB: Completed initialization of buffer pool
2018-12-04 09:24:59 12704 [Note] InnoDB: Highest supported file format is Barracuda.
2018-12-04 09:24:59 12704 [Note] InnoDB: The log sequence numbers 1626134 and 1626134 in ibdata files do not match the log sequence number 1626676 in the ib_logfiles!
2018-12-04 09:24:59 12704 [Note] InnoDB: Database was not shutdown normally!
2018-12-04 09:24:59 12704 [Note] InnoDB: Starting crash recovery.
2018-12-04 09:24:59 12704 [Note] InnoDB: Reading tablespace information from the .ibd files...
2018-12-04 09:24:59 12704 [Note] InnoDB: Restoring possible half-written data pages 
2018-12-04 09:24:59 12704 [Note] InnoDB: from the doublewrite buffer...
2018-12-04 09:24:59 12704 [Note] InnoDB: 128 rollback segment(s) are active.
2018-12-04 09:24:59 12704 [Note] InnoDB: Waiting for purge to start
2018-12-04 09:24:59 12704 [Note] InnoDB: 5.6.13 started; log sequence number 1626676
2018-12-04 09:24:59 12704 [Note] Server hostname (bind-address): '*'; port: 3306
2018-12-04 09:24:59 12704 [Note] IPv6 is available.
2018-12-04 09:24:59 12704 [Note]   - '::' resolves to '::';
2018-12-04 09:24:59 12704 [Note] Server socket created on IP: '::'.
2018-12-04 14:31:00 9308 [Note] Plugin 'FEDERATED' is disabled.
2018-12-04 14:31:00 9308 [Note] InnoDB: The InnoDB memory heap is disabled
2018-12-04 14:31:00 9308 [Note] InnoDB: Mutexes and rw_locks use Windows interlocked functions
2018-12-04 14:31:00 9308 [Note] InnoDB: Compressed tables use zlib 1.2.3
2018-12-04 14:31:00 9308 [Note] InnoDB: Not using CPU crc32 instructions
2018-12-04 14:31:00 9308 [Note] InnoDB: Initializing buffer pool, size = 128.0M
2018-12-04 14:31:00 9308 [Note] InnoDB: Completed initialization of buffer pool
2018-12-04 14:31:00 9308 [Note] InnoDB: Highest supported file format is Barracuda.
2018-12-04 14:31:00 9308 [Note] InnoDB: The log sequence numbers 1626134 and 1626134 in ibdata files do not match the log sequence number 1626686 in the ib_logfiles!
2018-12-04 14:31:00 9308 [Note] InnoDB: Database was not shutdown normally!
2018-12-04 14:31:00 9308 [Note] InnoDB: Starting crash recovery.
2018-12-04 14:31:00 9308 [Note] InnoDB: Reading tablespace information from the .ibd files...
2018-12-04 14:31:00 9308 [Note] InnoDB: Restoring possible half-written data pages 
2018-12-04 14:31:00 9308 [Note] InnoDB: from the doublewrite buffer...
2018-12-04 14:31:00 9308 [Note] InnoDB: 128 rollback segment(s) are active.
2018-12-04 14:31:00 9308 [Note] InnoDB: Waiting for purge to start
2018-12-04 14:31:00 9308 [Note] InnoDB: 5.6.13 started; log sequence number 1626686
2018-12-04 14:31:00 9308 [Note] Server hostname (bind-address): '*'; port: 3306
2018-12-04 14:31:00 9308 [Note] IPv6 is available.
2018-12-04 14:31:00 9308 [Note]   - '::' resolves to '::';
2018-12-04 14:31:00 9308 [Note] Server socket created on IP: '::'.
2018-12-05 09:05:46 4888 [Note] Plugin 'FEDERATED' is disabled.
2018-12-05 09:05:46 4888 [Note] InnoDB: The InnoDB memory heap is disabled
2018-12-05 09:05:46 4888 [Note] InnoDB: Mutexes and rw_locks use Windows interlocked functions
2018-12-05 09:05:46 4888 [Note] InnoDB: Compressed tables use zlib 1.2.3
2018-12-05 09:05:46 4888 [Note] InnoDB: Not using CPU crc32 instructions
2018-12-05 09:05:46 4888 [Note] InnoDB: Initializing buffer pool, size = 128.0M
2018-12-05 09:05:46 4888 [Note] InnoDB: Completed initialization of buffer pool
2018-12-05 09:05:46 4888 [Note] InnoDB: Highest supported file format is Barracuda.
2018-12-05 09:05:46 4888 [Note] InnoDB: The log sequence numbers 1626134 and 1626134 in ibdata files do not match the log sequence number 1626696 in the ib_logfiles!
2018-12-05 09:05:46 4888 [Note] InnoDB: Database was not shutdown normally!
2018-12-05 09:05:46 4888 [Note] InnoDB: Starting crash recovery.
2018-12-05 09:05:46 4888 [Note] InnoDB: Reading tablespace information from the .ibd files...
2018-12-05 09:05:46 4888 [Note] InnoDB: Restoring possible half-written data pages 
2018-12-05 09:05:46 4888 [Note] InnoDB: from the doublewrite buffer...
2018-12-05 09:05:46 4888 [Note] InnoDB: 128 rollback segment(s) are active.
2018-12-05 09:05:46 4888 [Note] InnoDB: Waiting for purge to start
2018-12-05 09:05:47 4888 [Note] InnoDB: 5.6.13 started; log sequence number 1626696
2018-12-05 09:05:47 4888 [Note] Server hostname (bind-address): '*'; port: 3306
2018-12-05 09:05:47 4888 [Note] IPv6 is available.
2018-12-05 09:05:47 4888 [Note]   - '::' resolves to '::';
2018-12-05 09:05:47 4888 [Note] Server socket created on IP: '::'.
2018-12-06 09:00:13 12316 [Note] Plugin 'FEDERATED' is disabled.
2018-12-06 09:00:13 12316 [Note] InnoDB: The InnoDB memory heap is disabled
2018-12-06 09:00:13 12316 [Note] InnoDB: Mutexes and rw_locks use Windows interlocked functions
2018-12-06 09:00:13 12316 [Note] InnoDB: Compressed tables use zlib 1.2.3
2018-12-06 09:00:13 12316 [Note] InnoDB: Not using CPU crc32 instructions
2018-12-06 09:00:13 12316 [Note] InnoDB: Initializing buffer pool, size = 128.0M
2018-12-06 09:00:13 12316 [Note] InnoDB: Completed initialization of buffer pool
2018-12-06 09:00:13 12316 [Note] InnoDB: Highest supported file format is Barracuda.
2018-12-06 09:00:13 12316 [Note] InnoDB: The log sequence numbers 1626134 and 1626134 in ibdata files do not match the log sequence number 1626706 in the ib_logfiles!
2018-12-06 09:00:13 12316 [Note] InnoDB: Database was not shutdown normally!
2018-12-06 09:00:13 12316 [Note] InnoDB: Starting crash recovery.
2018-12-06 09:00:13 12316 [Note] InnoDB: Reading tablespace information from the .ibd files...
2018-12-06 09:00:13 12316 [Note] InnoDB: Restoring possible half-written data pages 
2018-12-06 09:00:13 12316 [Note] InnoDB: from the doublewrite buffer...
2018-12-06 09:00:13 12316 [Note] InnoDB: 128 rollback segment(s) are active.
2018-12-06 09:00:13 12316 [Note] InnoDB: Waiting for purge to start
2018-12-06 09:00:13 12316 [Note] InnoDB: 5.6.13 started; log sequence number 1626706
2018-12-06 09:00:13 12316 [Note] Server hostname (bind-address): '*'; port: 3306
2018-12-06 09:00:13 12316 [Note] IPv6 is available.
2018-12-06 09:00:13 12316 [Note]   - '::' resolves to '::';
2018-12-06 09:00:13 12316 [Note] Server socket created on IP: '::'.
2018-12-10 11:20:46 12976 [Note] Plugin 'FEDERATED' is disabled.
2018-12-10 11:20:46 12976 [Note] InnoDB: The InnoDB memory heap is disabled
2018-12-10 11:20:46 12976 [Note] InnoDB: Mutexes and rw_locks use Windows interlocked functions
2018-12-10 11:20:46 12976 [Note] InnoDB: Compressed tables use zlib 1.2.3
2018-12-10 11:20:46 12976 [Note] InnoDB: Not using CPU crc32 instructions
2018-12-10 11:20:46 12976 [Note] InnoDB: Initializing buffer pool, size = 128.0M
2018-12-10 11:20:46 12976 [Note] InnoDB: Completed initialization of buffer pool
2018-12-10 11:20:46 12976 [Note] InnoDB: Highest supported file format is Barracuda.
2018-12-10 11:20:46 12976 [Note] InnoDB: The log sequence numbers 1626134 and 1626134 in ibdata files do not match the log sequence number 1626716 in the ib_logfiles!
2018-12-10 11:20:46 12976 [Note] InnoDB: Database was not shutdown normally!
2018-12-10 11:20:46 12976 [Note] InnoDB: Starting crash recovery.
2018-12-10 11:20:46 12976 [Note] InnoDB: Reading tablespace information from the .ibd files...
2018-12-10 11:20:46 12976 [Note] InnoDB: Restoring possible half-written data pages 
2018-12-10 11:20:46 12976 [Note] InnoDB: from the doublewrite buffer...
2018-12-10 11:20:46 12976 [Note] InnoDB: 128 rollback segment(s) are active.
2018-12-10 11:20:46 12976 [Note] InnoDB: Waiting for purge to start
2018-12-10 11:20:46 12976 [Note] InnoDB: 5.6.13 started; log sequence number 1626716
2018-12-10 11:20:46 12976 [Note] Server hostname (bind-address): '*'; port: 3306
2018-12-10 11:20:46 12976 [Note] IPv6 is available.
2018-12-10 11:20:46 12976 [Note]   - '::' resolves to '::';
2018-12-10 11:20:46 12976 [Note] Server socket created on IP: '::'.
2018-12-10 11:20:46 12976 [Note] Event Scheduler: Loaded 0 events
2018-12-10 11:20:46 12976 [Note] C:\Users\cla15121475\Documents\neueda-springboot-2018\usbwebserver/mysql/bin/mysqld_usbwv8.exe: ready for connections.
Version: '5.6.13'  socket: ''  port: 3306  MySQL Community Server (GPL)
